2026-01-28 14:49:32,593 INFO: AI Recruiting System startup [in C:\Users\fasal\Downloads\AI-Recruiter System\app.py:40]
2026-01-28 14:49:32,650 INFO: AI Recruiting System startup [in C:\Users\fasal\Downloads\AI-Recruiter System\app.py:40]
2026-01-28 14:49:32,650 INFO: AI Recruiting System startup [in C:\Users\fasal\Downloads\AI-Recruiter System\app.py:40]
2026-01-28 14:49:33,493 INFO: AI Recruiting System startup [in C:\Users\fasal\Downloads\AI-Recruiter System\app.py:40]
2026-01-28 14:49:33,508 INFO: AI Recruiting System startup [in C:\Users\fasal\Downloads\AI-Recruiter System\app.py:40]
2026-01-28 14:49:33,508 INFO: AI Recruiting System startup [in C:\Users\fasal\Downloads\AI-Recruiter System\app.py:40]
2026-01-28 14:49:47,356 ERROR: Delete error: (sqlite3.IntegrityError) NOT NULL constraint failed: interview.application_id
[SQL: UPDATE interview SET application_id=? WHERE interview.id = ?]
[parameters: (None, 8)]
(Background on this error at: https://sqlalche.me/e/20/gkpj) [in C:\Users\fasal\Downloads\AI-Recruiter System\b_routes.py:389]
2026-01-28 14:49:47,356 ERROR: Delete error: (sqlite3.IntegrityError) NOT NULL constraint failed: interview.application_id
[SQL: UPDATE interview SET application_id=? WHERE interview.id = ?]
[parameters: (None, 8)]
(Background on this error at: https://sqlalche.me/e/20/gkpj) [in C:\Users\fasal\Downloads\AI-Recruiter System\b_routes.py:389]
2026-01-28 14:50:47,518 INFO: AI Recruiting System startup [in C:\Users\fasal\Downloads\AI-Recruiter System\app.py:40]
2026-01-28 14:50:47,529 INFO: AI Recruiting System startup [in C:\Users\fasal\Downloads\AI-Recruiter System\app.py:40]
2026-01-28 14:50:47,529 INFO: AI Recruiting System startup [in C:\Users\fasal\Downloads\AI-Recruiter System\app.py:40]
2026-01-28 14:50:48,369 INFO: AI Recruiting System startup [in C:\Users\fasal\Downloads\AI-Recruiter System\app.py:40]
2026-01-28 14:50:48,380 INFO: AI Recruiting System startup [in C:\Users\fasal\Downloads\AI-Recruiter System\app.py:40]
2026-01-28 14:50:48,380 INFO: AI Recruiting System startup [in C:\Users\fasal\Downloads\AI-Recruiter System\app.py:40]
2026-01-28 15:05:50,551 INFO: AI Recruiting System startup [in C:\Users\fasal\Downloads\AI-Recruiter System\app.py:40]
2026-01-28 15:05:50,563 INFO: AI Recruiting System startup [in C:\Users\fasal\Downloads\AI-Recruiter System\app.py:40]
2026-01-28 15:05:50,563 INFO: AI Recruiting System startup [in C:\Users\fasal\Downloads\AI-Recruiter System\app.py:40]
2026-01-28 15:05:56,316 INFO: AI Recruiting System startup [in C:\Users\fasal\Downloads\AI-Recruiter System\app.py:40]
2026-01-28 15:05:56,328 INFO: AI Recruiting System startup [in C:\Users\fasal\Downloads\AI-Recruiter System\app.py:40]
2026-01-28 15:05:56,328 INFO: AI Recruiting System startup [in C:\Users\fasal\Downloads\AI-Recruiter System\app.py:40]
2026-01-28 15:06:05,838 ERROR: Delete error: (sqlite3.IntegrityError) NOT NULL constraint failed: interview.application_id
[SQL: UPDATE interview SET application_id=? WHERE interview.id = ?]
[parameters: (None, 12)]
(Background on this error at: https://sqlalche.me/e/20/gkpj) [in C:\Users\fasal\Downloads\AI-Recruiter System\b_routes.py:389]
2026-01-28 15:06:05,838 ERROR: Delete error: (sqlite3.IntegrityError) NOT NULL constraint failed: interview.application_id
[SQL: UPDATE interview SET application_id=? WHERE interview.id = ?]
[parameters: (None, 12)]
(Background on this error at: https://sqlalche.me/e/20/gkpj) [in C:\Users\fasal\Downloads\AI-Recruiter System\b_routes.py:389]
2026-01-29 14:33:15,617 INFO: AI Recruiting System startup [in C:\Users\fasal\Downloads\AI-Recruiter System\app.py:40]
2026-01-29 14:33:15,676 INFO: AI Recruiting System startup [in C:\Users\fasal\Downloads\AI-Recruiter System\app.py:40]
2026-01-29 14:33:15,676 INFO: AI Recruiting System startup [in C:\Users\fasal\Downloads\AI-Recruiter System\app.py:40]
2026-01-29 14:33:21,341 INFO: AI Recruiting System startup [in C:\Users\fasal\Downloads\AI-Recruiter System\app.py:40]
2026-01-29 14:33:21,364 INFO: AI Recruiting System startup [in C:\Users\fasal\Downloads\AI-Recruiter System\app.py:40]
2026-01-29 14:33:21,364 INFO: AI Recruiting System startup [in C:\Users\fasal\Downloads\AI-Recruiter System\app.py:40]
2026-01-29 15:24:46,407 INFO: AI Recruiting System startup [in C:\Users\fasal\Downloads\AI-Recruiter System\app.py:40]
2026-01-29 15:24:46,429 INFO: AI Recruiting System startup [in C:\Users\fasal\Downloads\AI-Recruiter System\app.py:40]
2026-01-29 15:24:46,429 INFO: AI Recruiting System startup [in C:\Users\fasal\Downloads\AI-Recruiter System\app.py:40]
2026-01-29 15:24:47,479 INFO: AI Recruiting System startup [in C:\Users\fasal\Downloads\AI-Recruiter System\app.py:40]
2026-01-29 15:24:47,493 INFO: AI Recruiting System startup [in C:\Users\fasal\Downloads\AI-Recruiter System\app.py:40]
2026-01-29 15:24:47,493 INFO: AI Recruiting System startup [in C:\Users\fasal\Downloads\AI-Recruiter System\app.py:40]
2026-01-29 16:11:31,192 INFO: AI Recruiting System startup [in C:\Users\fasal\Downloads\AI-Recruiter System\app.py:40]
2026-01-29 16:11:31,206 INFO: AI Recruiting System startup [in C:\Users\fasal\Downloads\AI-Recruiter System\app.py:40]
2026-01-29 16:11:31,206 INFO: AI Recruiting System startup [in C:\Users\fasal\Downloads\AI-Recruiter System\app.py:40]
2026-01-29 16:11:38,588 INFO: AI Recruiting System startup [in C:\Users\fasal\Downloads\AI-Recruiter System\app.py:40]
2026-01-29 16:11:38,601 INFO: AI Recruiting System startup [in C:\Users\fasal\Downloads\AI-Recruiter System\app.py:40]
2026-01-29 16:11:38,601 INFO: AI Recruiting System startup [in C:\Users\fasal\Downloads\AI-Recruiter System\app.py:40]
2026-01-29 16:15:37,141 INFO: AI Recruiting System startup [in C:\Users\fasal\Downloads\AI-Recruiter System\app.py:40]
2026-01-29 16:15:37,156 INFO: AI Recruiting System startup [in C:\Users\fasal\Downloads\AI-Recruiter System\app.py:40]
2026-01-29 16:15:37,156 INFO: AI Recruiting System startup [in C:\Users\fasal\Downloads\AI-Recruiter System\app.py:40]
2026-01-29 16:15:38,069 INFO: AI Recruiting System startup [in C:\Users\fasal\Downloads\AI-Recruiter System\app.py:40]
2026-01-29 16:15:38,082 INFO: AI Recruiting System startup [in C:\Users\fasal\Downloads\AI-Recruiter System\app.py:40]
2026-01-29 16:15:38,082 INFO: AI Recruiting System startup [in C:\Users\fasal\Downloads\AI-Recruiter System\app.py:40]
2026-01-29 16:26:57,321 INFO: AI Recruiting System startup [in C:\Users\fasal\Downloads\AI-Recruiter System\app.py:40]
2026-01-29 16:26:57,333 INFO: AI Recruiting System startup [in C:\Users\fasal\Downloads\AI-Recruiter System\app.py:40]
2026-01-29 16:26:57,333 INFO: AI Recruiting System startup [in C:\Users\fasal\Downloads\AI-Recruiter System\app.py:40]
2026-01-29 16:26:58,207 INFO: AI Recruiting System startup [in C:\Users\fasal\Downloads\AI-Recruiter System\app.py:40]
2026-01-29 16:26:58,220 INFO: AI Recruiting System startup [in C:\Users\fasal\Downloads\AI-Recruiter System\app.py:40]
2026-01-29 16:26:58,220 INFO: AI Recruiting System startup [in C:\Users\fasal\Downloads\AI-Recruiter System\app.py:40]
